CAN -> hash 66480, bucket 7, count 1
YOU -> hash 88063, bucket 8, count 1
SPELL -> hash 79104264, bucket 8, count 1
PNEUMONOULTRAMICROSCOPICSILICOVOLCANOCONIOSIS -> hash 300254068, bucket 4, count 1
ANTIDISESTABLISHMENTARIANISM -> hash 2381618825, bucket 3, count 1
OR -> hash 2531, bucket 1, count 1
SUPERCALIFRAGILISTICEXPIALIDOCIOUS -> hash 2387039971, bucket 8, count 1
BOGUS -> hash 63376824, bucket 5, count 1
WORD -> hash 2670346, bucket 8, count 1
ABCDEFGHJIKLMNOPQRSTUVWXYZABCDEFGHIJKLMNOPQRSTUVWXYZABCDEFGHJIKLMNOPQRSTUVWXYZABCDEFGHIJKLMNOPQRSTUVWXYZABCDEFGHJIKLMNOPQRSTUVWXYZABCDEFGHIJKLMNOPQRSTUVWXYZABCDEFGHJIKLMNOPQRSTUVWXYZABCDEFGHIJKLMNOPQRSTUVWXYZABCDEFGHJIKLMNOPQRSTUVWXYZABCDEFGHIJKLMNOPQRSTU -> hash 300032128, bucket 0, count 1
VWXYZABCDEFGHJIKLMNOPQRSTUVWXYZABCDEFGHIJKLMNOPQRSTUVWXYZABCDEFGHJIKLMNOPQRSTUVWXYZABCDEFGHIJKLMNOPQRSTUVWXYZABCDEFGHJIKLMNOPQRSTUVWXYZABCDEFGHIJKLMNOPQRSTUVWXYZABCDEFGHJIKLMNOPQRSTUVWXYZ -> hash 2224333835, bucket 9, count 1
-1.041393 ABCDEFGHJIKLMNOPQRSTUVWXYZABCDEFGHIJKLMNOPQRSTUVWXYZABCDEFGHJIKLMNOPQRSTUVWXYZABCDEFGHIJKLMNOPQRSTUVWXYZABCDEFGHJIKLMNOPQRSTUVWXYZABCDEFGHIJKLMNOPQRSTUVWXYZABCDEFGHJIKLMNOPQRSTUVWXYZABCDEFGHIJKLMNOPQRSTUVWXYZABCDEFGHJIKLMNOPQRSTUVWXYZABCDEFGHIJKLMNOPQRSTU
-1.041393 OR
-1.041393 ANTIDISESTABLISHMENTARIANISM
-1.041393 PNEUMONOULTRAMICROSCOPICSILICOVOLCANOCONIOSIS
-1.041393 BOGUS
-1.041393 CAN
-1.041393 WORD
-1.041393 SUPERCALIFRAGILISTICEXPIALIDOCIOUS
-1.041393 SPELL
-1.041393 YOU
-1.041393 VWXYZABCDEFGHJIKLMNOPQRSTUVWXYZABCDEFGHIJKLMNOPQRSTUVWXYZABCDEFGHJIKLMNOPQRSTUVWXYZABCDEFGHIJKLMNOPQRSTUVWXYZABCDEFGHJIKLMNOPQRSTUVWXYZABCDEFGHIJKLMNOPQRSTUVWXYZABCDEFGHJIKLMNOPQRSTUVWXYZ
